<?xml version="1.0" encoding="UTF-8"?><testsuite name="nosetests" tests="68" errors="2" failures="0" skip="0"><testcase classname="WMCore_t.WMSpec_t.StdSpecs_t.DQMHarvest_t.DQMHarvestTests" name="testDQMHarvest" time="6.833"><system-out><![CDATA[Using MockDBSApi
Using MockDBSApi
]]></system-out><system-err><![CDATA[/home/dmwm/unittestdeploy/wmagent/1.4.6.pre8/sw/slc7_amd64_gcc630/external/condor/8.9.7-comp/lib/python2.7/site-packages/htcondor/__init__.py:48: UserWarning: Neither the environment variable CONDOR_CONFIG, /etc/condor/, /usr/local/etc/, nor ~condor/ contain a condor_config source. Therefore, we are using a null condor_config.
  _warnings.warn(message)
]]></system-err></testcase><testcase classname="WMCore_t.WMSpec_t.StdSpecs_t.DQMHarvest_t.DQMHarvestTests" name="testDQMHarvestFailed" time="2.772"><system-out><![CDATA[Using MockDBSApi
]]></system-out></testcase><testcase classname="WMCore_t.WMSpec_t.StdSpecs_t.DQMHarvest_t.DQMHarvestTests" name="testFilesets" time="9.988"><system-out><![CDATA[Using MockDBSApi
Using MockDBSApi
Using MockRucioApi: acct=wmcore_transferor, url=None, authUrl=None
]]></system-out><system-err><![CDATA[/home/dmwm/unittestdeploy/wmagent/1.4.6.pre8/sw/slc7_amd64_gcc630/external/py2-sqlalchemy/1.3.3-comp/lib/python2.7/site-packages/sqlalchemy/engine/default.py:552: Warning: Duplicate entry 'Harvesting' for key 'name'
  cursor.execute(statement, parameters)
/home/dmwm/unittestdeploy/wmagent/1.4.6.pre8/sw/slc7_amd64_gcc630/external/py2-sqlalchemy/1.3.3-comp/lib/python2.7/site-packages/sqlalchemy/engine/default.py:552: Warning: Duplicate entry 'LogCollect' for key 'name'
  cursor.execute(statement, parameters)
]]></system-err></testcase><testcase classname="WMCore_t.WMSpec_t.StdSpecs_t.PromptReco_t.PromptRecoTest" name="testPromptRecoWithSkims" time="11.670"><system-err><![CDATA[/home/dmwm/unittestdeploy/wmagent/1.4.6.pre8/sw/slc7_amd64_gcc630/external/py2-sqlalchemy/1.3.3-comp/lib/python2.7/site-packages/sqlalchemy/engine/default.py:552: Warning: Duplicate entry 'Processing' for key 'name'
  cursor.execute(statement, parameters)
/home/dmwm/unittestdeploy/wmagent/1.4.6.pre8/sw/slc7_amd64_gcc630/external/py2-sqlalchemy/1.3.3-comp/lib/python2.7/site-packages/sqlalchemy/engine/default.py:552: Warning: Duplicate entry 'Merge' for key 'name'
  cursor.execute(statement, parameters)
/home/dmwm/unittestdeploy/wmagent/1.4.6.pre8/sw/slc7_amd64_gcc630/external/py2-sqlalchemy/1.3.3-comp/lib/python2.7/site-packages/sqlalchemy/engine/default.py:552: Warning: Duplicate entry 'Cleanup' for key 'name'
  cursor.execute(statement, parameters)
]]></system-err></testcase><testcase classname="WMCore_t.WMSpec_t.StdSpecs_t.PromptReco_t.PromptRecoTest" name="testallowCreationFailureArgExists" time="3.702"></testcase><testcase classname="WMCore_t.WMSpec_t.StdSpecs_t.PromptReco_t.PromptRecoTest" name="testFilesets" time="10.524"></testcase><testcase classname="WMCore_t.WMSpec_t.StdSpecs_t.PromptReco_t.PromptRecoTest" name="testMemCoresSettings" time="5.333"></testcase><testcase classname="WMCore_t.WMSpec_t.StdSpecs_t.ReReco_t.ReRecoTest" name="testFilesets" time="12.110"><system-err><![CDATA[/home/dmwm/unittestdeploy/wmagent/1.4.6.pre8/sw/slc7_amd64_gcc630/external/py2-sqlalchemy/1.3.3-comp/lib/python2.7/site-packages/sqlalchemy/engine/default.py:552: Warning: Duplicate entry 'Skim' for key 'name'
  cursor.execute(statement, parameters)
]]></system-err></testcase><testcase classname="WMCore_t.WMSpec_t.StdSpecs_t.ReReco_t.ReRecoTest" name="testMemCoresSettings" time="5.888"></testcase><testcase classname="WMCore_t.WMSpec_t.StdSpecs_t.ReReco_t.ReRecoTest" name="testReReco" time="13.349"></testcase><testcase classname="WMCore_t.WMSpec_t.StdSpecs_t.ReReco_t.ReRecoTest" name="testReRecoDroppingRECO" time="10.871"></testcase><testcase classname="WMCore_t.WMSpec_t.StdSpecs_t.Repack_t.RepackTests" name="testFilesets" time="11.393"></testcase><testcase classname="WMCore_t.WMSpec_t.StdSpecs_t.Repack_t.RepackTests" name="testMemCoresSettings" time="5.567"></testcase><testcase classname="WMCore_t.WMSpec_t.StdSpecs_t.Repack_t.RepackTests" name="testRepack" time="23.744"></testcase><testcase classname="WMCore_t.WMSpec_t.StdSpecs_t.StdBase_t.StdBaseTest" name="testCalcEvtsPerJobLumi" time="0.015"></testcase><testcase classname="WMCore_t.WMSpec_t.StdSpecs_t.StdBase_t.StdBaseTest" name="testStdBaseValidation" time="1.139"><system-out><![CDATA[AcquisitionEra FAKE
CMSSWVersion CMSSW_7_6_2
Campaign 
Comments 
ConfigCacheID FAKE
ConfigCacheUrl http://unittestagent:passwd@localhost:6994
CouchDBName reqmgr_config_cache_t
CouchURL https://cmsweb.cern.ch/couchdb
CouchWorkloadDBName reqmgr_workload_cache
DQMConfigCacheID None
DQMHarvestUnit byRun
DQMSequences []
DQMUploadProxy None
DQMUploadUrl https://cmsweb.cern.ch/dqm/dev
DashboardHost 127.0.0.1
DashboardPort 8884
DbsUrl https://cmsweb-prod.cern.ch/dbs/prod/global/DBSReader
DeleteFromSource False
EnableHarvesting False
EnableNewStageout False
EventStreams None
GlobalTag GT_DP_V1
GlobalTagConnect None
Group DATAOPS
IncludeParents False
LumiList {}
MaxMergeEvents 100000000
MaxMergeSize 4294967296
MaxWaitTime 86400
Memory 2300.0
MergedLFNBase /store/data
MinMergeSize 2147483648
Multicore 1
OpenRunningTimeout 0
OverrideCatalog None
PeriodicHarvestInterval 0
PrepID None
PriorityTransition [{'Priority': 'new', 'DN': 'Fake_DN', 'UpdateTime': 1615915603}]
ProcessingString FAKE
ProcessingVersion 1
RequestDate (2021, 3, 16, 17, 26, 43)
RequestName FAKE
RequestPriority 8000
RequestStatus new
RequestString FAKE
RequestTransition [{'Status': 'new', 'DN': 'Fake_DN', 'UpdateTime': 1615915603}]
RequestType StdBase
Requestor FAKE
RequestorDN FAKE
RobustMerge True
RunNumber 0
ScramArch slc6_amd64_gcc491
SizePerEvent 512.0
SubRequestType 
TimePerEvent 12.0
UnmergedLFNBase /store/unmerged
ValidStatus PRODUCTION
VoGroup unknown
VoRole unknown
]]></system-out></testcase><testcase classname="WMCore_t.WMSpec_t.StdSpecs_t.StepChain_t.StepChainTests" name="test1StepMemCoresSettings" time="7.669"><system-out><![CDATA[Using MockDBSApi
Using MockDBSApi
Using MockDBSApi
Using MockDBSApi
]]></system-out></testcase><testcase classname="WMCore_t.WMSpec_t.StdSpecs_t.StepChain_t.StepChainTests" name="test3StepsMemCoresSettingsA" time="6.814"><system-out><![CDATA[Using MockDBSApi
Using MockDBSApi
Using MockDBSApi
Using MockDBSApi
]]></system-out></testcase><testcase classname="WMCore_t.WMSpec_t.StdSpecs_t.StepChain_t.StepChainTests" name="test3StepsMemCoresSettingsB" time="5.731"><system-out><![CDATA[Using MockDBSApi
Using MockDBSApi
Using MockDBSApi
Using MockDBSApi
]]></system-out></testcase><testcase classname="WMCore_t.WMSpec_t.StdSpecs_t.StepChain_t.StepChainTests" name="testBadTrident" time="3.972"><system-out><![CDATA[Using MockDBSApi
]]></system-out></testcase><testcase classname="WMCore_t.WMSpec_t.StdSpecs_t.StepChain_t.StepChainTests" name="testCMSSWSettings" time="4.956"><system-out><![CDATA[Using MockDBSApi
['GENSIM', u'GENSIMMergeRAWSIMoutput', u'GENSIMRAWSIMoutputMergeLogCollect', u'GENSIMCleanupUnmergedRAWSIMoutput', u'RECOMergeRECOSIMoutput', u'RECORECOSIMoutputMergeLogCollect', u'RECOCleanupUnmergedRECOSIMoutput', u'RECOMergeAODSIMoutput', u'RECOAODSIMoutputMergeLogCollect', u'RECOCleanupUnmergedAODSIMoutput', u'RECOMergeDQMoutput', u'RECODQMoutputMergeLogCollect', u'RECOMergeDQMoutputEndOfRunDQMHarvestMerged', u'RECOMergeDQMoutputMergedEndOfRunDQMHarvestLogCollect', u'RECOCleanupUnmergedDQMoutput']
['GENSIM', u'GENSIMMergeRAWSIMoutput', u'GENSIMRAWSIMoutputMergeLogCollect', u'GENSIMCleanupUnmergedRAWSIMoutput', u'RECOMergeRECOSIMoutput', u'RECORECOSIMoutputMergeLogCollect', u'RECOCleanupUnmergedRECOSIMoutput', u'RECOMergeAODSIMoutput', u'RECOAODSIMoutputMergeLogCollect', u'RECOCleanupUnmergedAODSIMoutput', u'RECOMergeDQMoutput', u'RECODQMoutputMergeLogCollect', u'RECOMergeDQMoutputEndOfRunDQMHarvestMerged', u'RECOMergeDQMoutputMergedEndOfRunDQMHarvestLogCollect', u'RECOCleanupUnmergedDQMoutput']
]]></system-out></testcase><testcase classname="WMCore_t.WMSpec_t.StdSpecs_t.StepChain_t.StepChainTests" name="testDupOutputDataSettings" time="6.133"><system-out><![CDATA[Using MockDBSApi
Using MockDBSApi
]]></system-out></testcase><testcase classname="WMCore_t.WMSpec_t.StdSpecs_t.StepChain_t.StepChainTests" name="testDupOutputModule" time="18.457"><system-out><![CDATA[Using MockDBSApi
Using MockDBSApi
Using MockDBSApi
Using MockDBSApi
]]></system-out><system-err><![CDATA[/home/dmwm/unittestdeploy/wmagent/1.4.6.pre8/sw/slc7_amd64_gcc630/external/py2-sqlalchemy/1.3.3-comp/lib/python2.7/site-packages/sqlalchemy/engine/default.py:552: Warning: Duplicate entry 'Production' for key 'name'
  cursor.execute(statement, parameters)
]]></system-err></testcase><testcase classname="WMCore_t.WMSpec_t.StdSpecs_t.StepChain_t.StepChainTests" name="testGoodTrident" time="4.421"><system-out><![CDATA[Using MockDBSApi
]]></system-out></testcase><testcase classname="WMCore_t.WMSpec_t.StdSpecs_t.StepChain_t.StepChainTests" name="testInputDataFilesets" time="16.209"><system-out><![CDATA[Using MockDBSApi
Using MockDBSApi
]]></system-out></testcase><testcase classname="WMCore_t.WMSpec_t.StdSpecs_t.StepChain_t.StepChainTests" name="testInputDataSettings" time="4.480"><system-out><![CDATA[Using MockDBSApi
]]></system-out></testcase><testcase classname="WMCore_t.WMSpec_t.StdSpecs_t.StepChain_t.StepChainTests" name="testMCFilesets" time="15.754"><system-out><![CDATA[Using MockDBSApi
Using MockDBSApi
Using MockDBSApi
Using MockDBSApi
]]></system-out></testcase><testcase classname="WMCore_t.WMSpec_t.StdSpecs_t.StepChain_t.StepChainTests" name="testMultiplePileupDsets" time="3.982"><system-out><![CDATA[Using MockDBSApi
]]></system-out></testcase><testcase classname="WMCore_t.WMSpec_t.StdSpecs_t.StepChain_t.StepChainTests" name="testOutputDataSettings" time="7.388"><system-out><![CDATA[Using MockDBSApi
Using MockDBSApi
Using MockDBSApi
]]></system-out></testcase><testcase classname="WMCore_t.WMSpec_t.StdSpecs_t.StepChain_t.StepChainTests" name="testPileupWithoutInputData" time="3.698"><system-out><![CDATA[Using MockDBSApi
Using MockDBSApi
]]></system-out></testcase><testcase classname="WMCore_t.WMSpec_t.StdSpecs_t.StepChain_t.StepChainTests" name="testPrepIDSettings" time="5.500"><system-out><![CDATA[Using MockDBSApi
Using MockDBSApi
]]></system-out></testcase><testcase classname="WMCore_t.WMSpec_t.StdSpecs_t.StepChain_t.StepChainTests" name="testStepChainIncludeParentsValidation" time="5.703"><system-out><![CDATA[Using MockDBSApi
Using MockDBSApi
Using MockDBSApi
Using MockDBSApi
Using MockDBSApi
Using MockDBSApi
Using MockDBSApi
Using MockDBSApi
]]></system-out></testcase><testcase classname="WMCore_t.WMSpec_t.StdSpecs_t.StepChain_t.StepChainTests" name="testStepChainMC" time="4.507"><system-out><![CDATA[Using MockDBSApi
]]></system-out></testcase><testcase classname="WMCore_t.WMSpec_t.StdSpecs_t.StepChain_t.StepChainTests" name="testStepChainReDigi" time="14.077"><system-out><![CDATA[Using MockDBSApi
Using MockDBSApi
Using MockDBSApi
Using MockDBSApi
Using MockDBSApi
]]></system-out></testcase><testcase classname="WMCore_t.WMSpec_t.StdSpecs_t.StepChain_t.StepChainTests" name="testStepChainSingleStep" time="3.846"><system-out><![CDATA[Using MockDBSApi
{'Group': 'DATAOPS', 'ConfigCacheID': None, 'DeleteFromSource': False, 'MaxMergeEvents': 100000000, 'OpenRunningTimeout': 0, 'Comments': '', 'RobustMerge': True, 'Requestor': 'amaltaro', 'ProcessingString': 'ProcessingString_StepChain', 'ScramArch': ['slc6_amd64_gcc491'], 'SizePerEvent': 512.0, 'Step1': {'PrepID': 'PREP-Step1', 'GlobalTag': 'GT-Step1', 'StepName': 'GENSIM', 'SplittingAlgo': 'EventBased', 'ScramArch': ['slc6_amd64_gcc481'], 'RequestNumEvents': 20000, 'ConfigCacheID': 'a44f2cb046fb253caa01b3dc39037c83', 'EventsPerLumi': 100, 'EventsPerJob': 200, 'Seeding': 'AutomaticSeeding', 'CMSSWVersion': 'CMSSW_7_1_25_patch2'}, 'Memory': 3500.0, 'ProcessingVersion': 1, 'PrepID': 'PREP-StepChain', 'ChainParentageMap': {'Step1': {'ParentDset': None, 'ChildDsets': ['/PrimaryDataset-StepChain/AcquisitionEra_StepChain-ProcessingString_StepChain-v1/MINIAODSIM']}}, 'StepChain': 1, 'DQMConfigCacheID': None, 'DQMUploadUrl': 'https://cmsweb.cern.ch/dqm/dev', 'IncludeParents': False, 'SubRequestType': '', 'DQMUploadProxy': None, 'RequestType': 'StepChain', 'MergedLFNBase': '/store/data', 'EventStreams': None, 'TimePerEvent': 144.0, 'LumiList': {}, 'DQMSequences': [], 'CouchWorkloadDBName': 'reqmgr_workload_cache', 'VoRole': 'unknown', 'DQMHarvestUnit': 'byRun', 'PriorityTransition': [{'Priority': 'new', 'DN': 'Fake_DN', 'UpdateTime': 1615915746}], 'PrimaryDataset': 'PrimaryDataset-StepChain', 'CouchDBName': 'stepchain_t', 'DashboardHost': '127.0.0.1', 'EnableHarvesting': False, 'CMSSWVersion': 'CMSSW_7_6_2', 'MinMergeSize': 2147483648, 'RequestPriority': 8000, 'MaxMergeSize': 4294967296, 'OverrideCatalog': None, 'GlobalTagConnect': None, 'PeriodicHarvestInterval': 0, 'UnmergedLFNBase': '/store/unmerged', 'FirstEvent': 1, 'MaxWaitTime': 86400, 'DeterministicPileup': False, 'RequestString': 'FAKE', 'CouchURL': 'https://cmsweb.cern.ch/couchdb', 'ValidStatus': 'PRODUCTION', 'RequestorDN': 'FAKE', 'AcquisitionEra': 'AcquisitionEra_StepChain', 'GlobalTag': 'MainGlobalTag', 'Campaign': 'TaskForceUnitTest', 'RequestStatus': 'new', 'VoGroup': 'unknown', 'RequestTransition': [{'Status': 'new', 'DN': 'Fake_DN', 'UpdateTime': 1615915746}], 'DashboardPort': 8884, 'DbsUrl': 'https://cmsweb-prod.cern.ch/dbs/prod/global/DBSReader', 'Multicore': 1, 'RequestDate': [2021, 3, 16, 17, 29, 6], 'EnableNewStageout': False, 'ConfigCacheUrl': 'http://unittestagent:passwd@localhost:6994', 'ParentageResolved': False, 'FirstLumi': 1, 'RunNumber': 0, 'RequestName': 'FAKE'}
]]></system-out></testcase><testcase classname="WMCore_t.WMSpec_t.StdSpecs_t.StepChain_t.StepChainTests" name="testStepMapping" time="4.738"><system-out><![CDATA[Using MockDBSApi
Using MockDBSApi
]]></system-out></testcase><testcase classname="WMCore_t.WMSpec_t.StdSpecs_t.StepChain_t.StepChainTests" name="testStepParentageMapping1" time="4.318"><system-out><![CDATA[Using MockDBSApi
]]></system-out></testcase><testcase classname="WMCore_t.WMSpec_t.StdSpecs_t.StepChain_t.StepChainTests" name="testStepParentageMapping2" time="4.297"><system-out><![CDATA[Using MockDBSApi
Using MockDBSApi
]]></system-out></testcase><testcase classname="WMCore_t.WMSpec_t.StdSpecs_t.StepChain_t.StepChainTests" name="testStepParentageMapping3" time="4.359"><system-out><![CDATA[Using MockDBSApi
]]></system-out></testcase><testcase classname="WMCore_t.WMSpec_t.StdSpecs_t.StepChain_t.StepChainTests" name="testStepParentageMapping4" time="4.350"><system-out><![CDATA[Using MockDBSApi
]]></system-out></testcase><testcase classname="WMCore_t.WMSpec_t.StdSpecs_t.StepChain_t.StepChainTests" name="testSubscriptions" time="5.737"><system-out><![CDATA[Using MockDBSApi
Using MockDBSApi
]]></system-out></testcase><testcase classname="WMCore_t.WMSpec_t.StdSpecs_t.StepChain_t.StepChainTests" name="testTooManySteps" time="3.370"></testcase><testcase classname="WMCore_t.WMSpec_t.StdSpecs_t.Express_t.ExpressTest" name="testExpress" time="16.554"><system-err><![CDATA[/home/dmwm/unittestdeploy/wmagent/1.4.6.pre8/sw/slc7_amd64_gcc630/external/py2-sqlalchemy/1.3.3-comp/lib/python2.7/site-packages/sqlalchemy/engine/default.py:552: Warning: Duplicate entry 'Express' for key 'name'
  cursor.execute(statement, parameters)
]]></system-err></testcase><testcase classname="WMCore_t.WMSpec_t.StdSpecs_t.Express_t.ExpressTest" name="testFilesets" time="14.737"></testcase><testcase classname="WMCore_t.WMSpec_t.StdSpecs_t.Express_t.ExpressTest" name="testMemCoresSettings" time="4.768"></testcase><testcase classname="WMCore_t.WMSpec_t.StdSpecs_t.Express_t.ExpressTest" name="testWithRepackStep" time="3.788"></testcase><testcase classname="WMCore_t.WMSpec_t.StdSpecs_t.StoreResults_t.StoreResultsTest" name="testFilesets" time="22.818"></testcase><testcase classname="WMCore_t.WMSpec_t.StdSpecs_t.StoreResults_t.StoreResultsTest" name="testStoreResults" time="17.768"></testcase><testcase classname="WMCore_t.WMSpec_t.StdSpecs_t.TaskChain_t.TaskChainTests" name="test1TaskMemCoresSettings" time="4.691"><system-out><![CDATA[Using MockDBSApi
Using MockDBSApi
Using MockDBSApi
]]></system-out></testcase><testcase classname="WMCore_t.WMSpec_t.StdSpecs_t.TaskChain_t.TaskChainTests" name="testBadKeepOutput" time="3.651"><system-out><![CDATA[Using MockDBSApi
Using MockDBSApi
]]></system-out></testcase><testcase classname="WMCore_t.WMSpec_t.StdSpecs_t.TaskChain_t.TaskChainTests" name="testCMSSWSettings" time="4.705"><system-out><![CDATA[Using MockDBSApi
]]></system-out></testcase><testcase classname="WMCore_t.WMSpec_t.StdSpecs_t.TaskChain_t.TaskChainTests" name="testGeneratorWorkflow" time="27.864"><system-out><![CDATA[Using MockDBSApi
]]></system-out></testcase><testcase classname="WMCore_t.WMSpec_t.StdSpecs_t.TaskChain_t.TaskChainTests" name="testInputDataFilesets" time="23.293"><system-out><![CDATA[Using MockDBSApi
Using MockDBSApi
]]></system-out></testcase><testcase classname="WMCore_t.WMSpec_t.StdSpecs_t.TaskChain_t.TaskChainTests" name="testInputDataSettings" time="4.291"><system-out><![CDATA[Using MockDBSApi
]]></system-out></testcase><testcase classname="WMCore_t.WMSpec_t.StdSpecs_t.TaskChain_t.TaskChainTests" name="testMCFilesets" time="15.550"><system-out><![CDATA[Using MockDBSApi
]]></system-out></testcase><testcase classname="WMCore_t.WMSpec_t.StdSpecs_t.TaskChain_t.TaskChainTests" name="testMultipleGlobalTags" time="17.253"><system-out><![CDATA[Using MockDBSApi
Using MockDBSApi
]]></system-out></testcase><testcase classname="WMCore_t.WMSpec_t.StdSpecs_t.TaskChain_t.TaskChainTests" name="testMultithreadedTaskChain" time="5.330"><system-out><![CDATA[Using MockDBSApi
Using MockDBSApi
Using MockDBSApi
Using MockDBSApi
]]></system-out></testcase><testcase classname="WMCore_t.WMSpec_t.StdSpecs_t.TaskChain_t.TaskChainTests" name="testMultithreadedTasksTaskChain" time="5.183"><system-out><![CDATA[Using MockDBSApi
Using MockDBSApi
Using MockDBSApi
Using MockDBSApi
]]></system-out></testcase><testcase classname="WMCore_t.WMSpec_t.StdSpecs_t.TaskChain_t.TaskChainTests" name="testOutputDataSettings" time="8.353"><system-out><![CDATA[Using MockDBSApi
Using MockDBSApi
Using MockDBSApi
]]></system-out></testcase><testcase classname="WMCore_t.WMSpec_t.StdSpecs_t.TaskChain_t.TaskChainTests" name="testPileupTaskChain" time="2.657"><error type="WMCore.WMSpec.WMSpecErrors.WMSpecFactoryException" message="&lt;@========== WMException Start ==========@&gt;&#10;Exception Class: WMSpecFactoryException&#10;Message: Dropping the output (KeepOutput=False) of the last task is prohibited.&#10;You probably want to remove that task completely and try again.&#10;&#9;ModuleName : WMCore.WMSpec.StdSpecs.StdBase&#10;&#9;MethodName : raiseValidationException&#10;&#9;ClassInstance : None&#10;&#9;FileName : /home/dmwm/wmcore_unittest/WMCore/src/python/WMCore/WMSpec/StdSpecs/StdBase.py&#10;&#9;ClassName : None&#10;&#9;LineNumber : 920&#10;&#9;ErrorNr : 0&#10;&#10;Traceback: &#10;&#10;&lt;@---------- WMException End ----------@&gt;&#10;-------------------- &gt;&gt; begin captured stdout &lt;&lt; ---------------------&#10;Using MockDBSApi&#10;Using MockDBSApi&#10;&#10;--------------------- &gt;&gt; end captured stdout &lt;&lt; ----------------------&#10;-------------------- &gt;&gt; begin captured logging &lt;&lt; --------------------&#10;restkit.client.request: INFO: Start request: HEAD http://localhost:6994/taskchain_t&#10;restkit.client.request: DEBUG: Request headers: [[u'HEAD /taskchain_t HTTP/1.1\r\n', 'Host: localhost:6994\r\n', 'User-Agent: couchapp/0.7.1\r\n', 'Accept-Encoding: None\r\n', 'Accept: application/json\r\n', 'Authorization: Basic dW5pdHRlc3RhZ2VudDpwYXNzd2Q=\r\n', '\r\n']]&#10;restkit.client.request: DEBUG: Start response: 200 OK&#10;restkit.client.request: DEBUG: Response headers: [[('Server', 'CouchDB/1.6.1 (Erlang OTP/R16B03-1)'), ('Date', 'Tue, 16 Mar 2021 17:33:00 GMT'), ('Content-Type', 'application/json'), ('Content-Length', '230'), ('Cache-Control', 'must-revalidate')]]&#10;restkit.client.request: DEBUG: Return response: http://localhost:6994/taskchain_t&#10;couchapp.localdoc: DEBUG: push language&#10;couchapp.localdoc: DEBUG: push views/config_by_label/map.js&#10;couchapp.localdoc: DEBUG: push views/config_by_md5hash/map.js&#10;couchapp.localdoc: DEBUG: push views/config_by_owner/map.js&#10;couchapp.localdoc: DEBUG: push views/config_by_psethash/map.js&#10;couchapp.localdoc: DEBUG: push views/config_type/map.js&#10;couchapp.localdoc: DEBUG: push views/group_name/map.js&#10;couchapp.localdoc: DEBUG: push views/groups/map.js&#10;couchapp.localdoc: DEBUG: push views/groups/reduce.js&#10;couchapp.localdoc: DEBUG: push views/owner_name_group/map.js&#10;couchapp.localdoc: DEBUG: push views/runseq_by_owner/map.js&#10;couchapp.localdoc: DEBUG: push views/runsequence_type/map.js&#10;couchapp.localdoc: DEBUG: push views/seedseq_by_owner/map.js&#10;couchapp.localdoc: DEBUG: push views/types/map.js&#10;restkit.client.request: INFO: Start request: GET http://localhost:6994/taskchain_t/_design/ConfigCache&#10;restkit.client.request: DEBUG: Request headers: [[u'GET /taskchain_t/_design/ConfigCache HTTP/1.1\r\n', 'Host: localhost:6994\r\n', 'User-Agent: couchapp/0.7.1\r\n', 'Accept-Encoding: None\r\n', 'Accept: application/json\r\n', 'Authorization: Basic dW5pdHRlc3RhZ2VudDpwYXNzd2Q=\r\n', '\r\n']]&#10;restkit.client.request: DEBUG: Start response: 404 Object Not Found&#10;restkit.client.request: DEBUG: Response headers: [[('Server', 'CouchDB/1.6.1 (Erlang OTP/R16B03-1)'), ('Date', 'Tue, 16 Mar 2021 17:33:00 GMT'), ('Content-Type', 'application/json'), ('Content-Length', '41'), ('Cache-Control', 'must-revalidate')]]&#10;restkit.client.request: DEBUG: Return response: http://localhost:6994/taskchain_t/_design/ConfigCache&#10;couchapp.localdoc: DEBUG: /home/dmwm/wmcore_unittest/WMCore/src/couchapps/ConfigCache/vendor don't exist&#10;couchapp.macros: DEBUG: process function: map&#10;couchapp.macros: DEBUG: process function: map&#10;couchapp.macros: DEBUG: process function: map&#10;couchapp.macros: DEBUG: process function: map&#10;couchapp.macros: DEBUG: process function: map&#10;couchapp.macros: DEBUG: process function: map&#10;couchapp.macros: DEBUG: process function: map&#10;couchapp.macros: DEBUG: process function: reduce&#10;couchapp.macros: DEBUG: process function: map&#10;couchapp.macros: DEBUG: process function: map&#10;couchapp.macros: DEBUG: process function: map&#10;couchapp.macros: DEBUG: process function: map&#10;couchapp.macros: DEBUG: process function: map&#10;restkit.client.request: INFO: Start request: PUT http://localhost:6994/taskchain_t/_design/ConfigCache&#10;restkit.client.request: DEBUG: Request headers: [[u'PUT /taskchain_t/_design/ConfigCache HTTP/1.1\r\n', 'Host: localhost:6994\r\n', 'User-Agent: couchapp/0.7.1\r\n', 'Accept-Encoding: None\r\n', 'Accept: application/json\r\n', 'Content-Length: 3444\r\n', 'Content-Type: application/json\r\n', 'Authorization: Basic dW5pdHRlc3RhZ2VudDpwYXNzd2Q=\r\n', '\r\n']]&#10;restkit.client.request: DEBUG: Start response: 201 Created&#10;restkit.client.request: DEBUG: Response headers: [[('Server', 'CouchDB/1.6.1 (Erlang OTP/R16B03-1)'), ('Location', 'http://localhost:6994/taskchain_t/_design/ConfigCache'), ('ETag', '&quot;1-7c3350254b7017ccf363f5493385a0ec&quot;'), ('Date', 'Tue, 16 Mar 2021 17:33:00 GMT'), ('Content-Type', 'application/json'), ('Content-Length', '82'), ('Cache-Control', 'must-revalidate')]]&#10;restkit.client.request: DEBUG: Return response: http://localhost:6994/taskchain_t/_design/ConfigCache&#10;root: DEBUG: Tables for WMCore.WMBS created&#10;root: DEBUG: Data is from the Service cache&#10;root: DEBUG: Data is from the Service cache&#10;root: ERROR: About to raise exception Dropping the output (KeepOutput=False) of the last task is prohibited.&#10;You probably want to remove that task completely and try again.&#10;--------------------- &gt;&gt; end captured logging &lt;&lt; ---------------------"><![CDATA[  File "/home/dmwm/unittestdeploy/wmagent/1.4.6.pre8/sw/slc7_amd64_gcc630/external/python/2.7.13-comp2/lib/python2.7/unittest/case.py", line 329, in run
    testMethod()
  File "/home/dmwm/wmcore_unittest/WMCore/test/python/WMCore_t/WMSpec_t/StdSpecs_t/TaskChain_t.py", line 1057, in testPileupTaskChain
    testWorkload = factory.factoryWorkloadConstruction("PullingTheChain", arguments)
  File "/home/dmwm/wmcore_unittest/WMCore/src/python/WMCore/WMSpec/StdSpecs/StdBase.py", line 884, in factoryWorkloadConstruction
    self.validateSchema(schema=arguments)
  File "/home/dmwm/wmcore_unittest/WMCore/src/python/WMCore/WMSpec/StdSpecs/TaskChain.py", line 683, in validateSchema
    self.raiseValidationException(msg=msg)
  File "/home/dmwm/wmcore_unittest/WMCore/src/python/WMCore/WMSpec/StdSpecs/StdBase.py", line 920, in raiseValidationException
    raise WMSpecFactoryException(message=msg)
'<@========== WMException Start ==========@>\nException Class: WMSpecFactoryException\nMessage: Dropping the output (KeepOutput=False) of the last task is prohibited.\nYou probably want to remove that task completely and try again.\n\tModuleName : WMCore.WMSpec.StdSpecs.StdBase\n\tMethodName : raiseValidationException\n\tClassInstance : None\n\tFileName : /home/dmwm/wmcore_unittest/WMCore/src/python/WMCore/WMSpec/StdSpecs/StdBase.py\n\tClassName : None\n\tLineNumber : 920\n\tErrorNr : 0\n\nTraceback: \n\n<@---------- WMException End ----------@>\n-------------------- >> begin captured stdout << ---------------------\nUsing MockDBSApi\nUsing MockDBSApi\n\n--------------------- >> end captured stdout << ----------------------\n-------------------- >> begin captured logging << --------------------\nrestkit.client.request: INFO: Start request: HEAD http://localhost:6994/taskchain_t\nrestkit.client.request: DEBUG: Request headers: [[u\'HEAD /taskchain_t HTTP/1.1\\r\\n\', \'Host: localhost:6994\\r\\n\', \'User-Agent: couchapp/0.7.1\\r\\n\', \'Accept-Encoding: None\\r\\n\', \'Accept: application/json\\r\\n\', \'Authorization: Basic dW5pdHRlc3RhZ2VudDpwYXNzd2Q=\\r\\n\', \'\\r\\n\']]\nrestkit.client.request: DEBUG: Start response: 200 OK\nrestkit.client.request: DEBUG: Response headers: [[(\'Server\', \'CouchDB/1.6.1 (Erlang OTP/R16B03-1)\'), (\'Date\', \'Tue, 16 Mar 2021 17:33:00 GMT\'), (\'Content-Type\', \'application/json\'), (\'Content-Length\', \'230\'), (\'Cache-Control\', \'must-revalidate\')]]\nrestkit.client.request: DEBUG: Return response: http://localhost:6994/taskchain_t\ncouchapp.localdoc: DEBUG: push language\ncouchapp.localdoc: DEBUG: push views/config_by_label/map.js\ncouchapp.localdoc: DEBUG: push views/config_by_md5hash/map.js\ncouchapp.localdoc: DEBUG: push views/config_by_owner/map.js\ncouchapp.localdoc: DEBUG: push views/config_by_psethash/map.js\ncouchapp.localdoc: DEBUG: push views/config_type/map.js\ncouchapp.localdoc: DEBUG: push views/group_name/map.js\ncouchapp.localdoc: DEBUG: push views/groups/map.js\ncouchapp.localdoc: DEBUG: push views/groups/reduce.js\ncouchapp.localdoc: DEBUG: push views/owner_name_group/map.js\ncouchapp.localdoc: DEBUG: push views/runseq_by_owner/map.js\ncouchapp.localdoc: DEBUG: push views/runsequence_type/map.js\ncouchapp.localdoc: DEBUG: push views/seedseq_by_owner/map.js\ncouchapp.localdoc: DEBUG: push views/types/map.js\nrestkit.client.request: INFO: Start request: GET http://localhost:6994/taskchain_t/_design/ConfigCache\nrestkit.client.request: DEBUG: Request headers: [[u\'GET /taskchain_t/_design/ConfigCache HTTP/1.1\\r\\n\', \'Host: localhost:6994\\r\\n\', \'User-Agent: couchapp/0.7.1\\r\\n\', \'Accept-Encoding: None\\r\\n\', \'Accept: application/json\\r\\n\', \'Authorization: Basic dW5pdHRlc3RhZ2VudDpwYXNzd2Q=\\r\\n\', \'\\r\\n\']]\nrestkit.client.request: DEBUG: Start response: 404 Object Not Found\nrestkit.client.request: DEBUG: Response headers: [[(\'Server\', \'CouchDB/1.6.1 (Erlang OTP/R16B03-1)\'), (\'Date\', \'Tue, 16 Mar 2021 17:33:00 GMT\'), (\'Content-Type\', \'application/json\'), (\'Content-Length\', \'41\'), (\'Cache-Control\', \'must-revalidate\')]]\nrestkit.client.request: DEBUG: Return response: http://localhost:6994/taskchain_t/_design/ConfigCache\ncouchapp.localdoc: DEBUG: /home/dmwm/wmcore_unittest/WMCore/src/couchapps/ConfigCache/vendor don\'t exist\ncouchapp.macros: DEBUG: process function: map\ncouchapp.macros: DEBUG: process function: map\ncouchapp.macros: DEBUG: process function: map\ncouchapp.macros: DEBUG: process function: map\ncouchapp.macros: DEBUG: process function: map\ncouchapp.macros: DEBUG: process function: map\ncouchapp.macros: DEBUG: process function: map\ncouchapp.macros: DEBUG: process function: reduce\ncouchapp.macros: DEBUG: process function: map\ncouchapp.macros: DEBUG: process function: map\ncouchapp.macros: DEBUG: process function: map\ncouchapp.macros: DEBUG: process function: map\ncouchapp.macros: DEBUG: process function: map\nrestkit.client.request: INFO: Start request: PUT http://localhost:6994/taskchain_t/_design/ConfigCache\nrestkit.client.request: DEBUG: Request headers: [[u\'PUT /taskchain_t/_design/ConfigCache HTTP/1.1\\r\\n\', \'Host: localhost:6994\\r\\n\', \'User-Agent: couchapp/0.7.1\\r\\n\', \'Accept-Encoding: None\\r\\n\', \'Accept: application/json\\r\\n\', \'Content-Length: 3444\\r\\n\', \'Content-Type: application/json\\r\\n\', \'Authorization: Basic dW5pdHRlc3RhZ2VudDpwYXNzd2Q=\\r\\n\', \'\\r\\n\']]\nrestkit.client.request: DEBUG: Start response: 201 Created\nrestkit.client.request: DEBUG: Response headers: [[(\'Server\', \'CouchDB/1.6.1 (Erlang OTP/R16B03-1)\'), (\'Location\', \'http://localhost:6994/taskchain_t/_design/ConfigCache\'), (\'ETag\', \'"1-7c3350254b7017ccf363f5493385a0ec"\'), (\'Date\', \'Tue, 16 Mar 2021 17:33:00 GMT\'), (\'Content-Type\', \'application/json\'), (\'Content-Length\', \'82\'), (\'Cache-Control\', \'must-revalidate\')]]\nrestkit.client.request: DEBUG: Return response: http://localhost:6994/taskchain_t/_design/ConfigCache\nroot: DEBUG: Tables for WMCore.WMBS created\nroot: DEBUG: Data is from the Service cache\nroot: DEBUG: Data is from the Service cache\nroot: ERROR: About to raise exception Dropping the output (KeepOutput=False) of the last task is prohibited.\nYou probably want to remove that task completely and try again.\n--------------------- >> end captured logging << ---------------------']]></error><system-out><![CDATA[Using MockDBSApi
Using MockDBSApi
]]></system-out></testcase><testcase classname="WMCore_t.WMSpec_t.StdSpecs_t.TaskChain_t.TaskChainTests" name="testPrepIDSettings" time="6.835"><system-out><![CDATA[Using MockDBSApi
Using MockDBSApi
Using MockDBSApi
]]></system-out></testcase><testcase classname="WMCore_t.WMSpec_t.StdSpecs_t.TaskChain_t.TaskChainTests" name="testTaskChainIncludeParentsValidation" time="2.991"><error type="WMCore.WMSpec.WMSpecErrors.WMSpecFactoryException" message="&lt;@========== WMException Start ==========@&gt;&#10;Exception Class: WMSpecFactoryException&#10;Message: Dropping the output (KeepOutput=False) of the last task is prohibited.&#10;You probably want to remove that task completely and try again.&#10;&#9;ModuleName : WMCore.WMSpec.StdSpecs.StdBase&#10;&#9;MethodName : raiseValidationException&#10;&#9;ClassInstance : None&#10;&#9;FileName : /home/dmwm/wmcore_unittest/WMCore/src/python/WMCore/WMSpec/StdSpecs/StdBase.py&#10;&#9;ClassName : None&#10;&#9;LineNumber : 920&#10;&#9;ErrorNr : 0&#10;&#10;Traceback: &#10;&#10;&lt;@---------- WMException End ----------@&gt;&#10;-------------------- &gt;&gt; begin captured stdout &lt;&lt; ---------------------&#10;Using MockDBSApi&#10;Using MockDBSApi&#10;Using MockDBSApi&#10;Using MockDBSApi&#10;&#10;--------------------- &gt;&gt; end captured stdout &lt;&lt; ----------------------&#10;-------------------- &gt;&gt; begin captured logging &lt;&lt; --------------------&#10;restkit.client.request: INFO: Start request: HEAD http://localhost:6994/taskchain_t&#10;restkit.client.request: DEBUG: Request headers: [[u'HEAD /taskchain_t HTTP/1.1\r\n', 'Host: localhost:6994\r\n', 'User-Agent: couchapp/0.7.1\r\n', 'Accept-Encoding: None\r\n', 'Accept: application/json\r\n', 'Authorization: Basic dW5pdHRlc3RhZ2VudDpwYXNzd2Q=\r\n', '\r\n']]&#10;restkit.client.request: DEBUG: Start response: 200 OK&#10;restkit.client.request: DEBUG: Response headers: [[('Server', 'CouchDB/1.6.1 (Erlang OTP/R16B03-1)'), ('Date', 'Tue, 16 Mar 2021 17:33:10 GMT'), ('Content-Type', 'application/json'), ('Content-Length', '230'), ('Cache-Control', 'must-revalidate')]]&#10;restkit.client.request: DEBUG: Return response: http://localhost:6994/taskchain_t&#10;couchapp.localdoc: DEBUG: push language&#10;couchapp.localdoc: DEBUG: push views/config_by_label/map.js&#10;couchapp.localdoc: DEBUG: push views/config_by_md5hash/map.js&#10;couchapp.localdoc: DEBUG: push views/config_by_owner/map.js&#10;couchapp.localdoc: DEBUG: push views/config_by_psethash/map.js&#10;couchapp.localdoc: DEBUG: push views/config_type/map.js&#10;couchapp.localdoc: DEBUG: push views/group_name/map.js&#10;couchapp.localdoc: DEBUG: push views/groups/map.js&#10;couchapp.localdoc: DEBUG: push views/groups/reduce.js&#10;couchapp.localdoc: DEBUG: push views/owner_name_group/map.js&#10;couchapp.localdoc: DEBUG: push views/runseq_by_owner/map.js&#10;couchapp.localdoc: DEBUG: push views/runsequence_type/map.js&#10;couchapp.localdoc: DEBUG: push views/seedseq_by_owner/map.js&#10;couchapp.localdoc: DEBUG: push views/types/map.js&#10;restkit.client.request: INFO: Start request: GET http://localhost:6994/taskchain_t/_design/ConfigCache&#10;restkit.client.request: DEBUG: Request headers: [[u'GET /taskchain_t/_design/ConfigCache HTTP/1.1\r\n', 'Host: localhost:6994\r\n', 'User-Agent: couchapp/0.7.1\r\n', 'Accept-Encoding: None\r\n', 'Accept: application/json\r\n', 'Authorization: Basic dW5pdHRlc3RhZ2VudDpwYXNzd2Q=\r\n', '\r\n']]&#10;restkit.client.request: DEBUG: Start response: 404 Object Not Found&#10;restkit.client.request: DEBUG: Response headers: [[('Server', 'CouchDB/1.6.1 (Erlang OTP/R16B03-1)'), ('Date', 'Tue, 16 Mar 2021 17:33:10 GMT'), ('Content-Type', 'application/json'), ('Content-Length', '41'), ('Cache-Control', 'must-revalidate')]]&#10;restkit.client.request: DEBUG: Return response: http://localhost:6994/taskchain_t/_design/ConfigCache&#10;couchapp.localdoc: DEBUG: /home/dmwm/wmcore_unittest/WMCore/src/couchapps/ConfigCache/vendor don't exist&#10;couchapp.macros: DEBUG: process function: map&#10;couchapp.macros: DEBUG: process function: map&#10;couchapp.macros: DEBUG: process function: map&#10;couchapp.macros: DEBUG: process function: map&#10;couchapp.macros: DEBUG: process function: map&#10;couchapp.macros: DEBUG: process function: map&#10;couchapp.macros: DEBUG: process function: map&#10;couchapp.macros: DEBUG: process function: reduce&#10;couchapp.macros: DEBUG: process function: map&#10;couchapp.macros: DEBUG: process function: map&#10;couchapp.macros: DEBUG: process function: map&#10;couchapp.macros: DEBUG: process function: map&#10;couchapp.macros: DEBUG: process function: map&#10;restkit.client.request: INFO: Start request: PUT http://localhost:6994/taskchain_t/_design/ConfigCache&#10;restkit.client.request: DEBUG: Request headers: [[u'PUT /taskchain_t/_design/ConfigCache HTTP/1.1\r\n', 'Host: localhost:6994\r\n', 'User-Agent: couchapp/0.7.1\r\n', 'Accept-Encoding: None\r\n', 'Accept: application/json\r\n', 'Content-Length: 3444\r\n', 'Content-Type: application/json\r\n', 'Authorization: Basic dW5pdHRlc3RhZ2VudDpwYXNzd2Q=\r\n', '\r\n']]&#10;restkit.client.request: DEBUG: Start response: 201 Created&#10;restkit.client.request: DEBUG: Response headers: [[('Server', 'CouchDB/1.6.1 (Erlang OTP/R16B03-1)'), ('Location', 'http://localhost:6994/taskchain_t/_design/ConfigCache'), ('ETag', '&quot;1-7c3350254b7017ccf363f5493385a0ec&quot;'), ('Date', 'Tue, 16 Mar 2021 17:33:10 GMT'), ('Content-Type', 'application/json'), ('Content-Length', '82'), ('Cache-Control', 'must-revalidate')]]&#10;restkit.client.request: DEBUG: Return response: http://localhost:6994/taskchain_t/_design/ConfigCache&#10;root: DEBUG: Tables for WMCore.WMBS created&#10;root: DEBUG: Data is from the Service cache&#10;root: DEBUG: Data is from the Service cache&#10;root: ERROR: DBSReaderError&#10;Message: IncludeParents flag is True but the input dataset /Cosmics/ComissioningHI-v1/RAW has no parents&#10;&#9;ModuleName : WMCore.Services.DBS.DBSErrors&#10;&#9;MethodName : __init__&#10;&#9;ClassInstance : None&#10;&#9;FileName : /home/dmwm/wmcore_unittest/WMCore/src/python/WMCore/Services/DBS/DBSErrors.py&#10;&#9;ClassName : None&#10;&#9;LineNumber : 38&#10;&#9;ErrorNr : 1002&#10;&#10;root: ERROR: About to raise exception b'&lt;@========== WMException Start ==========@&gt;&#10;Exception Class: WMSpecFactoryException&#10;Message: DBSReaderError&#10;Message: IncludeParents flag is True but the input dataset /Cosmics/ComissioningHI-v1/RAW has no parents&#10;&#9;ModuleName : WMCore.Services.DBS.DBSErrors&#10;&#9;MethodName : __init__&#10;&#9;ClassInstance : None&#10;&#9;FileName : /home/dmwm/wmcore_unittest/WMCore/src/python/WMCore/Services/DBS/DBSErrors.py&#10;&#9;ClassName : None&#10;&#9;LineNumber : 38&#10;&#9;ErrorNr : 1002&#10;&#10;&#9;ModuleName : WMCore.WMSpec.WMWorkloadTools&#10;&#9;MethodName : validateInputDatasSetAndParentFlag&#10;&#9;ClassInstance : None&#10;&#9;FileName : /home/dmwm/wmcore_unittest/WMCore/src/python/WMCore/WMSpec/WMWorkloadTools.py&#10;&#9;ClassName : None&#10;&#9;LineNumber : 170&#10;&#9;ErrorNr : 0&#10;&#10;Traceback: &#10;  File &quot;/home/dmwm/wmcore_unittest/WMCore/src/python/WMCore/WMSpec/WMWorkloadTools.py&quot;, line 168, in validateInputDatasSetAndParentFlag&#10;    raise DBSReaderError(msg)&#10;&#10;&lt;@---------- WMException End ----------@&gt;'&#10;root: DEBUG: Data is from the Service cache&#10;root: DEBUG: Data is from the Service cache&#10;root: ERROR: About to raise exception Dropping the output (KeepOutput=False) of the last task is prohibited.&#10;You probably want to remove that task completely and try again.&#10;--------------------- &gt;&gt; end captured logging &lt;&lt; ---------------------"><![CDATA[  File "/home/dmwm/unittestdeploy/wmagent/1.4.6.pre8/sw/slc7_amd64_gcc630/external/python/2.7.13-comp2/lib/python2.7/unittest/case.py", line 329, in run
    testMethod()
  File "/home/dmwm/wmcore_unittest/WMCore/test/python/WMCore_t/WMSpec_t/StdSpecs_t/TaskChain_t.py", line 1094, in testTaskChainIncludeParentsValidation
    factory.factoryWorkloadConstruction("TestWorkload", testArguments)
  File "/home/dmwm/wmcore_unittest/WMCore/src/python/WMCore/WMSpec/StdSpecs/StdBase.py", line 884, in factoryWorkloadConstruction
    self.validateSchema(schema=arguments)
  File "/home/dmwm/wmcore_unittest/WMCore/src/python/WMCore/WMSpec/StdSpecs/TaskChain.py", line 683, in validateSchema
    self.raiseValidationException(msg=msg)
  File "/home/dmwm/wmcore_unittest/WMCore/src/python/WMCore/WMSpec/StdSpecs/StdBase.py", line 920, in raiseValidationException
    raise WMSpecFactoryException(message=msg)
'<@========== WMException Start ==========@>\nException Class: WMSpecFactoryException\nMessage: Dropping the output (KeepOutput=False) of the last task is prohibited.\nYou probably want to remove that task completely and try again.\n\tModuleName : WMCore.WMSpec.StdSpecs.StdBase\n\tMethodName : raiseValidationException\n\tClassInstance : None\n\tFileName : /home/dmwm/wmcore_unittest/WMCore/src/python/WMCore/WMSpec/StdSpecs/StdBase.py\n\tClassName : None\n\tLineNumber : 920\n\tErrorNr : 0\n\nTraceback: \n\n<@---------- WMException End ----------@>\n-------------------- >> begin captured stdout << ---------------------\nUsing MockDBSApi\nUsing MockDBSApi\nUsing MockDBSApi\nUsing MockDBSApi\n\n--------------------- >> end captured stdout << ----------------------\n-------------------- >> begin captured logging << --------------------\nrestkit.client.request: INFO: Start request: HEAD http://localhost:6994/taskchain_t\nrestkit.client.request: DEBUG: Request headers: [[u\'HEAD /taskchain_t HTTP/1.1\\r\\n\', \'Host: localhost:6994\\r\\n\', \'User-Agent: couchapp/0.7.1\\r\\n\', \'Accept-Encoding: None\\r\\n\', \'Accept: application/json\\r\\n\', \'Authorization: Basic dW5pdHRlc3RhZ2VudDpwYXNzd2Q=\\r\\n\', \'\\r\\n\']]\nrestkit.client.request: DEBUG: Start response: 200 OK\nrestkit.client.request: DEBUG: Response headers: [[(\'Server\', \'CouchDB/1.6.1 (Erlang OTP/R16B03-1)\'), (\'Date\', \'Tue, 16 Mar 2021 17:33:10 GMT\'), (\'Content-Type\', \'application/json\'), (\'Content-Length\', \'230\'), (\'Cache-Control\', \'must-revalidate\')]]\nrestkit.client.request: DEBUG: Return response: http://localhost:6994/taskchain_t\ncouchapp.localdoc: DEBUG: push language\ncouchapp.localdoc: DEBUG: push views/config_by_label/map.js\ncouchapp.localdoc: DEBUG: push views/config_by_md5hash/map.js\ncouchapp.localdoc: DEBUG: push views/config_by_owner/map.js\ncouchapp.localdoc: DEBUG: push views/config_by_psethash/map.js\ncouchapp.localdoc: DEBUG: push views/config_type/map.js\ncouchapp.localdoc: DEBUG: push views/group_name/map.js\ncouchapp.localdoc: DEBUG: push views/groups/map.js\ncouchapp.localdoc: DEBUG: push views/groups/reduce.js\ncouchapp.localdoc: DEBUG: push views/owner_name_group/map.js\ncouchapp.localdoc: DEBUG: push views/runseq_by_owner/map.js\ncouchapp.localdoc: DEBUG: push views/runsequence_type/map.js\ncouchapp.localdoc: DEBUG: push views/seedseq_by_owner/map.js\ncouchapp.localdoc: DEBUG: push views/types/map.js\nrestkit.client.request: INFO: Start request: GET http://localhost:6994/taskchain_t/_design/ConfigCache\nrestkit.client.request: DEBUG: Request headers: [[u\'GET /taskchain_t/_design/ConfigCache HTTP/1.1\\r\\n\', \'Host: localhost:6994\\r\\n\', \'User-Agent: couchapp/0.7.1\\r\\n\', \'Accept-Encoding: None\\r\\n\', \'Accept: application/json\\r\\n\', \'Authorization: Basic dW5pdHRlc3RhZ2VudDpwYXNzd2Q=\\r\\n\', \'\\r\\n\']]\nrestkit.client.request: DEBUG: Start response: 404 Object Not Found\nrestkit.client.request: DEBUG: Response headers: [[(\'Server\', \'CouchDB/1.6.1 (Erlang OTP/R16B03-1)\'), (\'Date\', \'Tue, 16 Mar 2021 17:33:10 GMT\'), (\'Content-Type\', \'application/json\'), (\'Content-Length\', \'41\'), (\'Cache-Control\', \'must-revalidate\')]]\nrestkit.client.request: DEBUG: Return response: http://localhost:6994/taskchain_t/_design/ConfigCache\ncouchapp.localdoc: DEBUG: /home/dmwm/wmcore_unittest/WMCore/src/couchapps/ConfigCache/vendor don\'t exist\ncouchapp.macros: DEBUG: process function: map\ncouchapp.macros: DEBUG: process function: map\ncouchapp.macros: DEBUG: process function: map\ncouchapp.macros: DEBUG: process function: map\ncouchapp.macros: DEBUG: process function: map\ncouchapp.macros: DEBUG: process function: map\ncouchapp.macros: DEBUG: process function: map\ncouchapp.macros: DEBUG: process function: reduce\ncouchapp.macros: DEBUG: process function: map\ncouchapp.macros: DEBUG: process function: map\ncouchapp.macros: DEBUG: process function: map\ncouchapp.macros: DEBUG: process function: map\ncouchapp.macros: DEBUG: process function: map\nrestkit.client.request: INFO: Start request: PUT http://localhost:6994/taskchain_t/_design/ConfigCache\nrestkit.client.request: DEBUG: Request headers: [[u\'PUT /taskchain_t/_design/ConfigCache HTTP/1.1\\r\\n\', \'Host: localhost:6994\\r\\n\', \'User-Agent: couchapp/0.7.1\\r\\n\', \'Accept-Encoding: None\\r\\n\', \'Accept: application/json\\r\\n\', \'Content-Length: 3444\\r\\n\', \'Content-Type: application/json\\r\\n\', \'Authorization: Basic dW5pdHRlc3RhZ2VudDpwYXNzd2Q=\\r\\n\', \'\\r\\n\']]\nrestkit.client.request: DEBUG: Start response: 201 Created\nrestkit.client.request: DEBUG: Response headers: [[(\'Server\', \'CouchDB/1.6.1 (Erlang OTP/R16B03-1)\'), (\'Location\', \'http://localhost:6994/taskchain_t/_design/ConfigCache\'), (\'ETag\', \'"1-7c3350254b7017ccf363f5493385a0ec"\'), (\'Date\', \'Tue, 16 Mar 2021 17:33:10 GMT\'), (\'Content-Type\', \'application/json\'), (\'Content-Length\', \'82\'), (\'Cache-Control\', \'must-revalidate\')]]\nrestkit.client.request: DEBUG: Return response: http://localhost:6994/taskchain_t/_design/ConfigCache\nroot: DEBUG: Tables for WMCore.WMBS created\nroot: DEBUG: Data is from the Service cache\nroot: DEBUG: Data is from the Service cache\nroot: ERROR: DBSReaderError\nMessage: IncludeParents flag is True but the input dataset /Cosmics/ComissioningHI-v1/RAW has no parents\n\tModuleName : WMCore.Services.DBS.DBSErrors\n\tMethodName : __init__\n\tClassInstance : None\n\tFileName : /home/dmwm/wmcore_unittest/WMCore/src/python/WMCore/Services/DBS/DBSErrors.py\n\tClassName : None\n\tLineNumber : 38\n\tErrorNr : 1002\n\nroot: ERROR: About to raise exception b\'<@========== WMException Start ==========@>\nException Class: WMSpecFactoryException\nMessage: DBSReaderError\nMessage: IncludeParents flag is True but the input dataset /Cosmics/ComissioningHI-v1/RAW has no parents\n\tModuleName : WMCore.Services.DBS.DBSErrors\n\tMethodName : __init__\n\tClassInstance : None\n\tFileName : /home/dmwm/wmcore_unittest/WMCore/src/python/WMCore/Services/DBS/DBSErrors.py\n\tClassName : None\n\tLineNumber : 38\n\tErrorNr : 1002\n\n\tModuleName : WMCore.WMSpec.WMWorkloadTools\n\tMethodName : validateInputDatasSetAndParentFlag\n\tClassInstance : None\n\tFileName : /home/dmwm/wmcore_unittest/WMCore/src/python/WMCore/WMSpec/WMWorkloadTools.py\n\tClassName : None\n\tLineNumber : 170\n\tErrorNr : 0\n\nTraceback: \n  File "/home/dmwm/wmcore_unittest/WMCore/src/python/WMCore/WMSpec/WMWorkloadTools.py", line 168, in validateInputDatasSetAndParentFlag\n    raise DBSReaderError(msg)\n\n<@---------- WMException End ----------@>\'\nroot: DEBUG: Data is from the Service cache\nroot: DEBUG: Data is from the Service cache\nroot: ERROR: About to raise exception Dropping the output (KeepOutput=False) of the last task is prohibited.\nYou probably want to remove that task completely and try again.\n--------------------- >> end captured logging << ---------------------']]></error><system-out><![CDATA[Using MockDBSApi
Using MockDBSApi
Using MockDBSApi
Using MockDBSApi
]]></system-out></testcase><testcase classname="WMCore_t.WMSpec_t.StdSpecs_t.TaskChain_t.TaskChainTests" name="testTaskChainParentage" time="4.740"><system-out><![CDATA[Using MockDBSApi
]]></system-out></testcase><testcase classname="WMCore_t.WMSpec_t.StdSpecs_t.TaskChain_t.TaskChainTests" name="testTaskParentageMapping1" time="4.393"><system-out><![CDATA[Using MockDBSApi
]]></system-out></testcase><testcase classname="WMCore_t.WMSpec_t.StdSpecs_t.TaskChain_t.TaskChainTests" name="testTaskParentageMapping2" time="4.370"><system-out><![CDATA[Using MockDBSApi
Using MockDBSApi
]]></system-out></testcase><testcase classname="WMCore_t.WMSpec_t.StdSpecs_t.TaskChain_t.TaskChainTests" name="testTooManyTasks" time="3.043"><system-out><![CDATA[Using MockDBSApi
]]></system-out></testcase><testcase classname="WMCore_t.WMSpec_t.StdSpecs_t.TaskChain_t.TaskChainTests" name="testTrustFlags" time="5.624"><system-out><![CDATA[Using MockDBSApi
Using MockDBSApi
]]></system-out></testcase><testcase classname="WMCore_t.WMSpec_t.StdSpecs_t.TaskChain_t.TaskChainTests" name="testWorkloadJobSplitting" time="4.341"><system-out><![CDATA[Using MockDBSApi
]]></system-out></testcase></testsuite>